c:\users\nahuel\documents\algorithms-and-data-structures-1\debug\vc142.pdb
c:\users\nahuel\documents\algorithms-and-data-structures-1\debug\vc142.idb
c:\users\nahuel\documents\algorithms-and-data-structures-1\debug\pruebasauxsem4.obj
c:\users\nahuel\documents\algorithms-and-data-structures-1\debug\pruebasauxsem3.obj
c:\users\nahuel\documents\algorithms-and-data-structures-1\debug\pruebasauxsem2.obj
c:\users\nahuel\documents\algorithms-and-data-structures-1\debug\pruebasauxsem1.obj
c:\users\nahuel\documents\algorithms-and-data-structures-1\debug\pruebasauxdefensa.obj
c:\users\nahuel\documents\algorithms-and-data-structures-1\debug\pruebas.obj
c:\users\nahuel\documents\algorithms-and-data-structures-1\debug\principal.obj
c:\users\nahuel\documents\algorithms-and-data-structures-1\debug\manejadorsalidaprueba.obj
c:\users\nahuel\documents\algorithms-and-data-structures-1\debug\funcaux.obj
c:\users\nahuel\documents\algorithms-and-data-structures-1\debug\ejerciciossem9.obj
c:\users\nahuel\documents\algorithms-and-data-structures-1\debug\ejerciciossem8.obj
c:\users\nahuel\documents\algorithms-and-data-structures-1\debug\ejerciciossem7.obj
c:\users\nahuel\documents\algorithms-and-data-structures-1\debug\ejerciciossem6.obj
c:\users\nahuel\documents\algorithms-and-data-structures-1\debug\ejerciciossem4.obj
c:\users\nahuel\documents\algorithms-and-data-structures-1\debug\ejerciciossem3.obj
c:\users\nahuel\documents\algorithms-and-data-structures-1\debug\ejerciciossem2.obj
c:\users\nahuel\documents\algorithms-and-data-structures-1\debug\ejerciciossem1.obj
c:\users\nahuel\documents\algorithms-and-data-structures-1\debug\defensa.obj
c:\users\nahuel\documents\algorithms-and-data-structures-1\debug\colaarray.obj
c:\users\nahuel\documents\algorithms-and-data-structures-1\debug\pruebassem9.obj
c:\users\nahuel\documents\algorithms-and-data-structures-1\debug\pruebassem8.obj
c:\users\nahuel\documents\algorithms-and-data-structures-1\debug\pruebassem7.obj
c:\users\nahuel\documents\algorithms-and-data-structures-1\debug\pruebassem6.obj
c:\users\nahuel\documents\algorithms-and-data-structures-1\debug\pruebassem5.obj
c:\users\nahuel\documents\algorithms-and-data-structures-1\debug\pruebassem4.obj
c:\users\nahuel\documents\algorithms-and-data-structures-1\debug\pruebassem3.obj
c:\users\nahuel\documents\algorithms-and-data-structures-1\debug\pruebassem2.obj
c:\users\nahuel\documents\algorithms-and-data-structures-1\debug\pruebassem1.obj
c:\users\nahuel\documents\algorithms-and-data-structures-1\debug\pruebaspropias.obj
c:\users\nahuel\documents\algorithms-and-data-structures-1\debug\pruebasdefensa.obj
c:\users\nahuel\documents\algorithms-and-data-structures-1\debug\pruebasauxsem9.obj
c:\users\nahuel\documents\algorithms-and-data-structures-1\debug\pruebasauxsem8.obj
c:\users\nahuel\documents\algorithms-and-data-structures-1\debug\pruebasauxsem7.obj
c:\users\nahuel\documents\algorithms-and-data-structures-1\debug\pruebasauxsem6.obj
c:\users\nahuel\documents\algorithms-and-data-structures-1\debug\pruebasauxsem5.obj
c:\users\nahuel\documents\algorithms-and-data-structures-1\debug\aframework.tlog\cl.command.1.tlog
c:\users\nahuel\documents\algorithms-and-data-structures-1\debug\aframework.tlog\cl.read.1.tlog
c:\users\nahuel\documents\algorithms-and-data-structures-1\debug\aframework.tlog\cl.write.1.tlog
